[2024-07-04T17:27:34.702997+00:00] app.INFO: Listing all articles [] []
[2024-07-04T18:05:31.136423+00:00] app.INFO: Home page accessed [] []
[2024-07-04T18:05:34.535584+00:00] app.INFO: Listing all articles [] []
[2024-07-04T18:14:20.683457+00:00] app.INFO: Home page accessed [] []
[2024-07-04T18:16:38.645488+00:00] app.INFO: Home page accessed [] []
[2024-07-04T18:18:07.113863+00:00] app.INFO: Home page accessed [] []
[2024-07-04T18:23:44.699884+00:00] app.INFO: Home page accessed [] []
[2024-07-04T18:27:47.888871+00:00] app.INFO: Home page accessed [] []
[2024-07-04T18:37:31.540356+00:00] app.INFO: Home page accessed [] []
[2024-07-04T18:39:20.562710+00:00] app.INFO: Home page accessed [] []
[2024-07-04T18:43:44.549588+00:00] app.INFO: Created a new article {"title":"blah blah blah"} []
[2024-07-04T18:44:17.030302+00:00] app.INFO: Created a new article {"title":"Finances"} []
[2024-07-04T19:13:06.569498+00:00] app.INFO: Home page accessed [] []
[2024-07-04T19:24:20.801649+00:00] app.INFO: Created a new article {"title":"Another one"} []
[2024-07-04T19:24:26.890258+00:00] app.INFO: Home page accessed [] []
[2024-07-04T19:56:53.853087+00:00] app.INFO: Home page accessed [] []
[2024-07-04T19:58:04.953469+00:00] app.INFO: Home page accessed [] []
[2024-07-04T20:00:57.773158+00:00] app.INFO: Home page accessed [] []
[2024-07-04T20:03:23.842979+00:00] app.INFO: Home page accessed [] []
[2024-07-04T20:08:19.351778+00:00] app.INFO: Home page accessed [] []
[2024-07-04T20:12:16.068639+00:00] app.INFO: Home page accessed [] []
[2024-07-04T20:13:06.092429+00:00] app.INFO: Edited article {"id":1} []
[2024-07-04T20:13:18.065184+00:00] app.INFO: Edited article {"id":2} []
[2024-07-04T20:13:22.725790+00:00] app.INFO: Deleted article {"id":3} []
[2024-07-04T20:19:16.577335+00:00] app.INFO: Home page accessed [] []
[2024-07-04T20:19:35.651738+00:00] app.INFO: Deleted article {"id":2} []
[2024-07-04T20:19:38.793778+00:00] app.INFO: Deleted article {"id":1} []
[2024-07-04T20:19:57.813222+00:00] app.INFO: Created a new article {"title":"Newest of them all"} []
[2024-07-04T20:20:06.592100+00:00] app.INFO: Deleted article {"id":4} []
[2024-07-04T20:20:11.404740+00:00] app.INFO: Deleted article {"id":4} []
[2024-07-04T20:20:18.751235+00:00] app.INFO: Created a new article {"title":"lol"} []
[2024-07-04T20:20:28.333209+00:00] app.INFO: Deleted article {"id":5} []
[2024-07-04T20:46:00.620377+00:00] app.INFO: Created a new article {"title":"lol"} []
[2024-07-04T20:46:03.692973+00:00] app.INFO: Deleted article {"id":6} []
[2024-07-04T21:24:20.567183+00:00] app.INFO: Home page accessed [] []
[2024-07-04T21:24:30.604720+00:00] app.INFO: Created a new article {"title":"asdsadas"} []
[2024-07-04T21:24:42.531420+00:00] app.INFO: Edited article {"id":7} []
[2024-07-04T21:24:52.267958+00:00] app.INFO: Deleted article {"id":7} []
[2024-07-04T21:25:05.583664+00:00] app.INFO: Created a new article {"title":"asadasdads"} []
[2024-07-04T21:25:11.120310+00:00] app.INFO: Created a new article {"title":"asdasdasd"} []
[2024-07-04T21:25:24.677354+00:00] app.INFO: Created a new article {"title":"newest of them all"} []
[2024-07-04T21:47:58.763859+00:00] app.INFO: Home page accessed [] []
[2024-07-04T21:52:32.821419+00:00] app.INFO: Edited article {"id":10} []
[2024-07-04T21:54:28.255552+00:00] app.INFO: Deleted article {"id":10} []
[2024-07-04T21:54:40.392802+00:00] app.INFO: Deleted article {"id":8} []
[2024-07-04T21:54:48.892991+00:00] app.INFO: Home page accessed [] []
[2024-07-04T21:54:52.107374+00:00] app.INFO: Home page accessed [] []
[2024-07-04T21:57:17.072499+00:00] app.INFO: Deleted article {"id":9} []
[2024-07-04T21:57:19.591291+00:00] app.INFO: Deleted article {"id":9} []
[2024-07-04T21:57:31.727851+00:00] app.INFO: Created a new article {"title":"czxxcxz"} []
[2024-07-04T21:57:33.203248+00:00] app.INFO: Deleted article {"id":11} []
[2024-07-04T21:57:38.040608+00:00] app.INFO: Created a new article {"title":"czxczzxz"} []
[2024-07-04T21:57:43.998571+00:00] app.INFO: Deleted article {"id":12} []
[2024-07-04T21:59:24.699255+00:00] app.INFO: Created a new article {"title":"sda"} []
[2024-07-04T21:59:30.390572+00:00] app.INFO: Deleted article {"id":13} []
[2024-07-04T22:01:49.753255+00:00] app.INFO: Created a new article {"title":"ddaasd"} []
[2024-07-04T22:02:03.697728+00:00] app.INFO: Edited article {"id":14} []
[2024-07-04T22:02:13.471316+00:00] app.INFO: Edited article {"id":14} []
[2024-07-04T22:04:49.264742+00:00] app.INFO: Deleted article {"id":14} []
[2024-07-04T22:05:26.385329+00:00] app.INFO: Created a new article {"title":"sa"} []
[2024-07-04T22:05:28.226764+00:00] app.INFO: Deleted article {"id":15} []
[2024-07-04T22:05:32.284027+00:00] app.INFO: Created a new article {"title":"saa"} []
[2024-07-04T22:05:38.399530+00:00] app.INFO: Edited article {"id":16} []
[2024-07-04T22:05:46.099800+00:00] app.INFO: Deleted article {"id":16} []
[2024-07-04T22:05:51.757224+00:00] app.INFO: Created a new article {"title":"saas"} []
[2024-07-04T22:05:57.426093+00:00] app.INFO: Deleted article {"id":17} []
[2024-07-04T22:08:54.423264+00:00] app.INFO: Created a new article {"title":"dsadsa"} []
[2024-07-04T22:09:09.152646+00:00] app.INFO: Deleted article {"id":18} []
[2024-07-04T22:09:21.332270+00:00] app.INFO: Deleted article {"id":18} []
[2024-07-04T22:09:26.038202+00:00] app.INFO: Created a new article {"title":"sdaasd"} []
[2024-07-04T22:09:33.382593+00:00] app.INFO: Deleted article {"id":19} []
[2024-07-04T22:11:32.399208+00:00] app.INFO: Created a new article {"title":"dsfds"} []
[2024-07-04T22:11:47.642062+00:00] app.INFO: Edited article {"id":20} []
[2024-07-04T22:13:27.554075+00:00] app.INFO: Edited article {"id":20} []
[2024-07-04T22:13:43.141423+00:00] app.INFO: Edited article {"id":20} []
[2024-07-04T22:13:46.347858+00:00] app.INFO: Deleted article {"id":20} []
[2024-07-04T22:13:48.321594+00:00] app.INFO: Home page accessed [] []
[2024-07-04T22:15:34.204165+00:00] app.INFO: Home page accessed [] []
[2024-07-04T22:15:40.901480+00:00] app.INFO: Created a new article {"title":"dsadsa"} []
[2024-07-04T22:19:25.066619+00:00] app.INFO: Edited article {"id":21} []
[2024-07-04T22:21:00.907672+00:00] app.INFO: Edited article {"id":21} []
[2024-07-04T22:25:06.555680+00:00] app.INFO: Home page accessed [] []
[2024-07-04T22:25:20.411773+00:00] app.INFO: Edited article {"id":21} []
[2024-07-04T22:25:27.732534+00:00] app.INFO: Edited article {"id":21} []
[2024-07-04T22:25:35.432564+00:00] app.INFO: Deleted article {"id":21} []
[2024-07-04T22:30:44.145443+00:00] app.INFO: Created a new article {"title":"The Ultimate Guide to Things: Everything You Need to Know About Stuff"} []
[2024-07-04T22:32:35.008357+00:00] app.INFO: Edited article {"id":22} []
[2024-07-04T22:32:51.405165+00:00] app.INFO: Edited article {"id":22} []
[2024-07-04T22:36:00.292105+00:00] app.INFO: Edited article {"id":22} []
[2024-07-04T22:36:17.726293+00:00] app.INFO: Home page accessed [] []
[2024-07-04T22:46:46.643827+00:00] app.INFO: Created a new article {"title":"Fun Facts About Programming and Computers"} []
[2024-07-04T22:47:03.747381+00:00] app.INFO: Edited article {"id":23} []
[2024-07-04T22:47:45.319963+00:00] app.INFO: Home page accessed [] []
[2024-07-05T09:27:44.380914+00:00] app.INFO: Home page accessed [] []
[2024-07-05T09:58:30.134848+00:00] app.INFO: Edited article {"id":23} []
[2024-07-05T09:58:38.192706+00:00] app.INFO: Edited article {"id":23} []
[2024-07-05T09:58:45.991304+00:00] app.INFO: Created a new article {"title":"new"} []
[2024-07-05T09:58:52.204444+00:00] app.INFO: Deleted article {"id":24} []
[2024-07-05T10:00:47.682049+00:00] app.INFO: Created a new article {"title":"dada"} []
[2024-07-05T10:00:52.675369+00:00] app.INFO: Deleted article {"id":25} []
[2024-07-05T10:05:45.914632+00:00] app.INFO: Home page accessed [] []
[2024-07-05T10:06:16.744821+00:00] app.INFO: Home page accessed [] []
[2024-07-05T10:06:23.571170+00:00] app.INFO: Edited article {"id":23} []
[2024-07-05T10:11:06.332748+00:00] app.INFO: Home page accessed [] []
[2024-07-05T10:11:16.766881+00:00] app.INFO: Created a new article {"title":"arasd"} []
[2024-07-05T10:11:22.091473+00:00] app.INFO: Edited article {"id":26} []
[2024-07-05T10:11:58.957947+00:00] app.INFO: Deleted article {"id":26} []
[2024-07-05T10:12:04.219086+00:00] app.INFO: Created a new article {"title":"sasas"} []
[2024-07-05T10:12:07.356271+00:00] app.INFO: Deleted article {"id":27} []
[2024-07-05T10:12:36.162835+00:00] app.INFO: Home page accessed [] []
[2024-07-05T10:43:11.189412+00:00] app.INFO: Created a new article {"title":"Blah Blah Blah"} []
[2024-07-05T10:57:56.857155+00:00] app.INFO: Home page accessed [] []
[2024-07-05T10:58:24.262243+00:00] app.INFO: Edited article {"id":22} []
[2024-07-05T10:59:42.071807+00:00] app.INFO: Edited article {"id":22} []
[2024-07-05T11:03:31.011287+00:00] app.INFO: Edited article {"id":22} []
[2024-07-05T11:04:01.172129+00:00] app.INFO: Edited article {"id":22} []
[2024-07-05T11:05:31.099992+00:00] app.INFO: Edited article {"id":22} []
[2024-07-05T11:06:02.255690+00:00] app.INFO: Edited article {"id":23} []
[2024-07-05T11:09:28.881497+00:00] app.INFO: Edited article {"id":22} []
[2024-07-05T11:11:40.889531+00:00] app.INFO: Home page accessed [] []
[2024-07-05T11:11:51.582983+00:00] app.INFO: Edited article {"id":28} []
[2024-07-05T11:23:39.427355+00:00] app.INFO: Home page accessed [] []
[2024-07-05T11:25:58.604777+00:00] app.INFO: Home page accessed [] []
[2024-07-05T12:01:05.468712+00:00] app.INFO: Home page accessed [] []
